<?xml version="1.0" encoding="UTF-8"?>
<testsuite xmlns:xsi="http://www.w3.org/2001/XMLSchema-instance" xsi:noNamespaceSchemaLocation="https://maven.apache.org/surefire/maven-surefire-plugin/xsd/surefire-test-report-3.0.xsd" version="3.0" name="com.cwa.crudspringboot.CrudSpringbootApplicationTests" time="11.306" tests="1" errors="0" skipped="0" failures="0">
  <properties>
[...]
</properties>
  <testcase name="contextLoads" classname="com.cwa.crudspringboot.CrudSpringbootApplicationTests" time="0.009">
    <system-out><![CDATA[2026-01-09T21:31:51.077+03:00  INFO 33995 --- [crud-springboot] [           main] t.c.s.AnnotationConfigContextLoaderUtils : Could not detect default configuration classes for test class [com.cwa.crudspringboot.CrudSpringbootApplicationTests]: CrudSpringbootApplicationTests does not declare any static, non-private, non-final, nested classes annotated with @Configuration.
2026-01-09T21:31:51.100+03:00  INFO 33995 --- [crud-springboot] [           main] .b.t.c.SpringBootTestContextBootstrapper : Found @SpringBootConfiguration com.cwa.crudspringboot.CrudSpringbootApplication for test class com.cwa.crudspringboot.CrudSpringbootApplicationTests

  .   ____          _            __ _ _
 /\\ / ___'_ __ _ _(_)_ __  __ _ \ \ \ \
( ( )\___ | '_ | '_| | '_ \/ _` | \ \ \ \
 \\/  ___)| |_)| | | | | || (_| |  ) ) ) )
  '  |____| .__|_| |_|_| |_\__, | / / / /
 =========|_|==============|___/=/_/_/_/
 :: Spring Boot ::                (v3.2.5)

2026-01-09T21:31:51.291+03:00  INFO 33995 --- [crud-springboot] [           main] c.c.c.CrudSpringbootApplicationTests     : Starting CrudSpringbootApplicationTests using Java 17.0.17 with PID 33995 (started by qwx in /home/qwx/IdeaProjects/crud-springboot)
2026-01-09T21:31:51.295+03:00  INFO 33995 --- [crud-springboot] [           main] c.c.c.CrudSpringbootApplicationTests     : No active profile set, falling back to 1 default profile: "default"
2026-01-09T21:31:53.793+03:00  INFO 33995 --- [crud-springboot] [           main] .s.d.r.c.RepositoryConfigurationDelegate : Bootstrapping Spring Data JPA repositories in DEFAULT mode.
2026-01-09T21:31:53.975+03:00  INFO 33995 --- [crud-springboot] [           main] .s.d.r.c.RepositoryConfigurationDelegate : Finished Spring Data repository scanning in 145 ms. Found 1 JPA repository interface.
2026-01-09T21:31:54.941+03:00  INFO 33995 --- [crud-springboot] [           main] com.zaxxer.hikari.HikariDataSource       : HikariPool-1 - Starting...
2026-01-09T21:31:56.419+03:00  INFO 33995 --- [crud-springboot] [           main] com.zaxxer.hikari.pool.HikariPool        : HikariPool-1 - Added connection com.mysql.cj.jdbc.ConnectionImpl@6e5b7446
2026-01-09T21:31:56.423+03:00  INFO 33995 --- [crud-springboot] [           main] com.zaxxer.hikari.HikariDataSource       : HikariPool-1 - Start completed.
2026-01-09T21:31:56.768+03:00  INFO 33995 --- [crud-springboot] [           main] o.hibernate.jpa.internal.util.LogHelper  : HHH000204: Processing PersistenceUnitInfo [name: default]
2026-01-09T21:31:57.049+03:00  INFO 33995 --- [crud-springboot] [           main] org.hibernate.Version                    : HHH000412: Hibernate ORM core version 6.4.4.Final
2026-01-09T21:31:57.196+03:00  INFO 33995 --- [crud-springboot] [           main] o.h.c.internal.RegionFactoryInitiator    : HHH000026: Second-level cache disabled
2026-01-09T21:31:57.843+03:00  INFO 33995 --- [crud-springboot] [           main] o.s.o.j.p.SpringPersistenceUnitInfo      : No LoadTimeWeaver setup: ignoring JPA class transformer
2026-01-09T21:31:58.195+03:00  WARN 33995 --- [crud-springboot] [           main] org.hibernate.orm.deprecation            : HHH90000025: MySQLDialect does not need to be specified explicitly using 'hibernate.dialect' (remove the property setting and it will be selected by default)
2026-01-09T21:32:00.635+03:00  INFO 33995 --- [crud-springboot] [           main] o.h.e.t.j.p.i.JtaPlatformInitiator       : HHH000489: No JTA platform available (set 'hibernate.transaction.jta.platform' to enable JTA platform integration)
2026-01-09T21:32:00.786+03:00  INFO 33995 --- [crud-springboot] [           main] j.LocalContainerEntityManagerFactoryBean : Initialized JPA EntityManagerFactory for persistence unit 'default'
2026-01-09T21:32:01.778+03:00  WARN 33995 --- [crud-springboot] [           main] JpaBaseConfiguration$JpaWebConfiguration : spring.jpa.open-in-view is enabled by default. Therefore, database queries may be performed during view rendering. Explicitly configure spring.jpa.open-in-view to disable this warning
2026-01-09T21:32:02.363+03:00  INFO 33995 --- [crud-springboot] [           main] c.c.c.CrudSpringbootApplicationTests     : Started CrudSpringbootApplicationTests in 11.218 seconds (process running for 27.042)
]]></system-out>
  </testcase>
</testsuite>